<?xml version="1.0" encoding="UTF-8"?>
<!-- Generated by org.testng.reporters.JUnitReportReporter -->
<testsuite hostname="LAPTOP-M86NIL76" failures="0" tests="7" name="com.runner.CucumberRunnerTests" time="30.886" errors="0" timestamp="2024-07-15T18:16:44 IST" skipped="0">
  <testcase classname="com.runner.CucumberRunnerTests" name="runScenario" time="5.535"/>
  <testcase classname="com.runner.CucumberRunnerTests" name="runScenario" time="3.379"/>
  <testcase classname="com.runner.CucumberRunnerTests" name="runScenario" time="3.500"/>
  <testcase classname="com.runner.CucumberRunnerTests" name="runScenario" time="3.065"/>
  <testcase classname="com.runner.CucumberRunnerTests" name="runScenario" time="8.468"/>
  <testcase classname="com.runner.CucumberRunnerTests" name="runScenario" time="3.273"/>
  <testcase classname="com.runner.CucumberRunnerTests" name="runScenario" time="3.666"/>
</testsuite> <!-- com.runner.CucumberRunnerTests -->
