<?xml version="1.0" encoding="UTF-8"?>
<!-- Generated by org.testng.reporters.JUnitReportReporter -->
<testsuite hostname="LAPTOP-M86NIL76" failures="0" tests="7" name="com.runner.CucumberRunnerTests" time="37.224" errors="0" timestamp="2024-07-15T17:12:50 IST" skipped="0">
  <testcase classname="com.runner.CucumberRunnerTests" name="runScenario" time="8.729"/>
  <testcase classname="com.runner.CucumberRunnerTests" name="runScenario" time="4.311"/>
  <testcase classname="com.runner.CucumberRunnerTests" name="runScenario" time="4.305"/>
  <testcase classname="com.runner.CucumberRunnerTests" name="runScenario" time="5.533"/>
  <testcase classname="com.runner.CucumberRunnerTests" name="runScenario" time="5.707"/>
  <testcase classname="com.runner.CucumberRunnerTests" name="runScenario" time="4.713"/>
  <testcase classname="com.runner.CucumberRunnerTests" name="runScenario" time="3.926"/>
</testsuite> <!-- com.runner.CucumberRunnerTests -->
