<?xml version="1.0" encoding="UTF-8"?>
<!-- Generated by org.testng.reporters.JUnitReportReporter -->
<testsuite hostname="LAPTOP-M86NIL76" failures="0" tests="1" name="com.runner.CucumberRunnerTests" time="1.934" errors="0" timestamp="2024-07-17T19:26:05 IST" skipped="0">
  <testcase classname="com.runner.CucumberRunnerTests" name="runScenario" time="1.934"/>
</testsuite> <!-- com.runner.CucumberRunnerTests -->
